<?xml version="1.0" encoding="UTF-8"?>
<!-- Generated by org.testng.reporters.JUnitReportReporter -->
<testsuite hostname="Akhil-Bingi-Macbook.local" failures="0" tests="2" name="E2EProjectCopy.CalendarAppCopy.LoginValidation" time="12.025" errors="0" timestamp="2021-04-05T12:34:32 EDT" skipped="0">
  <testcase classname="E2EProjectCopy.CalendarAppCopy.LoginValidation" name="invokingLoginPage" time="5.429"/>
  <system-out/>
  <testcase classname="E2EProjectCopy.CalendarAppCopy.LoginValidation" name="invokingLoginPage" time="6.596"/>
  <system-out/>
</testsuite> <!-- E2EProjectCopy.CalendarAppCopy.LoginValidation -->
