<?xml version="1.0" encoding="UTF-8"?>
<!-- Generated by org.testng.reporters.JUnitReportReporter -->
<testsuite skipped="0" hostname="Akhil-Bingi-Macbook.local" name="E2EProjectCopy.CalendarAppCopy.LoginValidation" tests="2" failures="0" timestamp="2021-04-05T14:49:41 EDT" time="12.574" errors="0">
  <testcase name="invokingLoginPage" time="5.836" classname="E2EProjectCopy.CalendarAppCopy.LoginValidation"/>
  <system-out/>
  <testcase name="invokingLoginPage" time="6.738" classname="E2EProjectCopy.CalendarAppCopy.LoginValidation"/>
  <system-out/>
</testsuite> <!-- E2EProjectCopy.CalendarAppCopy.LoginValidation -->
